{"/Users/kevin.avila/projects/node/e2e/app.js": {"path":"/Users/kevin.avila/projects/node/e2e/app.js","statementMap":{"0":{"start":{"line":1,"column":16},"end":{"line":1,"column":34}},"1":{"start":{"line":2,"column":19},"end":{"line":2,"column":41}},"2":{"start":{"line":3,"column":13},"end":{"line":3,"column":28}},"3":{"start":{"line":4,"column":15},"end":{"line":4,"column":32}},"4":{"start":{"line":5,"column":15},"end":{"line":5,"column":43}},"5":{"start":{"line":7,"column":22},"end":{"line":23,"column":1}},"6":{"start":{"line":8,"column":14},"end":{"line":8,"column":23}},"7":{"start":{"line":11,"column":2},"end":{"line":11,"column":18}},"8":{"start":{"line":12,"column":2},"end":{"line":12,"column":25}},"9":{"start":{"line":15,"column":2},"end":{"line":15,"column":51}},"10":{"start":{"line":18,"column":2},"end":{"line":18,"column":26}},"11":{"start":{"line":20,"column":2},"end":{"line":20,"column":23}},"12":{"start":{"line":22,"column":2},"end":{"line":22,"column":13}},"13":{"start":{"line":25,"column":20},"end":{"line":25,"column":35}},"14":{"start":{"line":26,"column":0},"end":{"line":26,"column":29}}},"fnMap":{"0":{"name":"(anonymous_0)","decl":{"start":{"line":7,"column":22},"end":{"line":7,"column":23}},"loc":{"start":{"line":7,"column":28},"end":{"line":23,"column":1}},"line":7}},"branchMap":{},"s":{"0":1,"1":1,"2":1,"3":1,"4":1,"5":1,"6":1,"7":1,"8":1,"9":1,"10":1,"11":1,"12":1,"13":1,"14":1},"f":{"0":1},"b":{},"_coverageSchema":"1a1c01bbd47fc00a2c39e90264f33305004495a9","hash":"653b02b6c2d4d80a260d857f7332e8a4741196f1"}
,"/Users/kevin.avila/projects/node/e2e/controllers/RecipesController.js": {"path":"/Users/kevin.avila/projects/node/e2e/controllers/RecipesController.js","statementMap":{"0":{"start":{"line":1,"column":16},"end":{"line":1,"column":55}},"1":{"start":{"line":2,"column":15},"end":{"line":2,"column":35}},"2":{"start":{"line":4,"column":26},"end":{"line":182,"column":1}},"3":{"start":{"line":7,"column":4},"end":{"line":19,"column":5}},"4":{"start":{"line":8,"column":22},"end":{"line":8,"column":48}},"5":{"start":{"line":10,"column":6},"end":{"line":13,"column":9}},"6":{"start":{"line":15,"column":6},"end":{"line":18,"column":9}},"7":{"start":{"line":24,"column":4},"end":{"line":24,"column":25}},"8":{"start":{"line":25,"column":4},"end":{"line":72,"column":5}},"9":{"start":{"line":29,"column":10},"end":{"line":29,"column":18}},"10":{"start":{"line":32,"column":6},"end":{"line":37,"column":7}},"11":{"start":{"line":33,"column":8},"end":{"line":36,"column":11}},"12":{"start":{"line":39,"column":6},"end":{"line":44,"column":7}},"13":{"start":{"line":40,"column":8},"end":{"line":43,"column":11}},"14":{"start":{"line":47,"column":6},"end":{"line":52,"column":7}},"15":{"start":{"line":48,"column":8},"end":{"line":51,"column":11}},"16":{"start":{"line":54,"column":28},"end":{"line":58,"column":7}},"17":{"start":{"line":61,"column":22},"end":{"line":61,"column":62}},"18":{"start":{"line":63,"column":6},"end":{"line":66,"column":9}},"19":{"start":{"line":68,"column":6},"end":{"line":71,"column":9}},"20":{"start":{"line":77,"column":4},"end":{"line":98,"column":5}},"21":{"start":{"line":78,"column":21},"end":{"line":78,"column":31}},"22":{"start":{"line":81,"column":22},"end":{"line":81,"column":49}},"23":{"start":{"line":82,"column":6},"end":{"line":87,"column":7}},"24":{"start":{"line":83,"column":8},"end":{"line":86,"column":11}},"25":{"start":{"line":89,"column":6},"end":{"line":92,"column":9}},"26":{"start":{"line":94,"column":6},"end":{"line":97,"column":9}},"27":{"start":{"line":103,"column":4},"end":{"line":103,"column":26}},"28":{"start":{"line":104,"column":4},"end":{"line":159,"column":5}},"29":{"start":{"line":106,"column":6},"end":{"line":111,"column":7}},"30":{"start":{"line":107,"column":8},"end":{"line":110,"column":11}},"31":{"start":{"line":114,"column":6},"end":{"line":119,"column":7}},"32":{"start":{"line":115,"column":8},"end":{"line":118,"column":11}},"33":{"start":{"line":122,"column":6},"end":{"line":127,"column":7}},"34":{"start":{"line":123,"column":8},"end":{"line":126,"column":11}},"35":{"start":{"line":129,"column":6},"end":{"line":134,"column":7}},"36":{"start":{"line":130,"column":8},"end":{"line":133,"column":11}},"37":{"start":{"line":136,"column":21},"end":{"line":136,"column":31}},"38":{"start":{"line":139,"column":26},"end":{"line":139,"column":53}},"39":{"start":{"line":140,"column":6},"end":{"line":145,"column":7}},"40":{"start":{"line":141,"column":8},"end":{"line":144,"column":11}},"41":{"start":{"line":147,"column":28},"end":{"line":147,"column":36}},"42":{"start":{"line":149,"column":22},"end":{"line":149,"column":73}},"43":{"start":{"line":150,"column":6},"end":{"line":153,"column":9}},"44":{"start":{"line":155,"column":6},"end":{"line":158,"column":9}},"45":{"start":{"line":164,"column":4},"end":{"line":180,"column":5}},"46":{"start":{"line":166,"column":21},"end":{"line":166,"column":31}},"47":{"start":{"line":169,"column":6},"end":{"line":169,"column":43}},"48":{"start":{"line":171,"column":6},"end":{"line":174,"column":9}},"49":{"start":{"line":176,"column":6},"end":{"line":179,"column":9}},"50":{"start":{"line":184,"column":0},"end":{"line":184,"column":35}}},"fnMap":{"0":{"name":"(anonymous_0)","decl":{"start":{"line":6,"column":10},"end":{"line":6,"column":11}},"loc":{"start":{"line":6,"column":30},"end":{"line":20,"column":3}},"line":6},"1":{"name":"(anonymous_1)","decl":{"start":{"line":23,"column":10},"end":{"line":23,"column":11}},"loc":{"start":{"line":23,"column":30},"end":{"line":73,"column":3}},"line":23},"2":{"name":"(anonymous_2)","decl":{"start":{"line":76,"column":10},"end":{"line":76,"column":11}},"loc":{"start":{"line":76,"column":30},"end":{"line":99,"column":3}},"line":76},"3":{"name":"(anonymous_3)","decl":{"start":{"line":102,"column":10},"end":{"line":102,"column":11}},"loc":{"start":{"line":102,"column":30},"end":{"line":160,"column":3}},"line":102},"4":{"name":"(anonymous_4)","decl":{"start":{"line":163,"column":10},"end":{"line":163,"column":11}},"loc":{"start":{"line":163,"column":30},"end":{"line":181,"column":3}},"line":163}},"branchMap":{"0":{"loc":{"start":{"line":32,"column":6},"end":{"line":37,"column":7}},"type":"if","locations":[{"start":{"line":32,"column":6},"end":{"line":37,"column":7}},{"start":{},"end":{}}],"line":32},"1":{"loc":{"start":{"line":39,"column":6},"end":{"line":44,"column":7}},"type":"if","locations":[{"start":{"line":39,"column":6},"end":{"line":44,"column":7}},{"start":{},"end":{}}],"line":39},"2":{"loc":{"start":{"line":47,"column":6},"end":{"line":52,"column":7}},"type":"if","locations":[{"start":{"line":47,"column":6},"end":{"line":52,"column":7}},{"start":{},"end":{}}],"line":47},"3":{"loc":{"start":{"line":47,"column":10},"end":{"line":47,"column":83}},"type":"binary-expr","locations":[{"start":{"line":47,"column":11},"end":{"line":47,"column":41}},{"start":{"line":47,"column":47},"end":{"line":47,"column":62}},{"start":{"line":47,"column":68},"end":{"line":47,"column":82}}],"line":47},"4":{"loc":{"start":{"line":82,"column":6},"end":{"line":87,"column":7}},"type":"if","locations":[{"start":{"line":82,"column":6},"end":{"line":87,"column":7}},{"start":{},"end":{}}],"line":82},"5":{"loc":{"start":{"line":106,"column":6},"end":{"line":111,"column":7}},"type":"if","locations":[{"start":{"line":106,"column":6},"end":{"line":111,"column":7}},{"start":{},"end":{}}],"line":106},"6":{"loc":{"start":{"line":114,"column":6},"end":{"line":119,"column":7}},"type":"if","locations":[{"start":{"line":114,"column":6},"end":{"line":119,"column":7}},{"start":{},"end":{}}],"line":114},"7":{"loc":{"start":{"line":122,"column":6},"end":{"line":127,"column":7}},"type":"if","locations":[{"start":{"line":122,"column":6},"end":{"line":127,"column":7}},{"start":{},"end":{}}],"line":122},"8":{"loc":{"start":{"line":122,"column":10},"end":{"line":122,"column":137}},"type":"binary-expr","locations":[{"start":{"line":122,"column":11},"end":{"line":122,"column":30}},{"start":{"line":122,"column":37},"end":{"line":122,"column":76}},{"start":{"line":122,"column":82},"end":{"line":122,"column":106}},{"start":{"line":122,"column":112},"end":{"line":122,"column":135}}],"line":122},"9":{"loc":{"start":{"line":129,"column":6},"end":{"line":134,"column":7}},"type":"if","locations":[{"start":{"line":129,"column":6},"end":{"line":134,"column":7}},{"start":{},"end":{}}],"line":129},"10":{"loc":{"start":{"line":129,"column":10},"end":{"line":129,"column":77}},"type":"binary-expr","locations":[{"start":{"line":129,"column":11},"end":{"line":129,"column":30}},{"start":{"line":129,"column":36},"end":{"line":129,"column":76}}],"line":129},"11":{"loc":{"start":{"line":140,"column":6},"end":{"line":145,"column":7}},"type":"if","locations":[{"start":{"line":140,"column":6},"end":{"line":145,"column":7}},{"start":{},"end":{}}],"line":140}},"s":{"0":1,"1":1,"2":1,"3":1,"4":1,"5":1,"6":0,"7":4,"8":4,"9":4,"10":4,"11":1,"12":3,"13":1,"14":2,"15":1,"16":1,"17":1,"18":1,"19":0,"20":2,"21":2,"22":2,"23":2,"24":1,"25":1,"26":0,"27":6,"28":6,"29":6,"30":1,"31":5,"32":1,"33":4,"34":1,"35":3,"36":1,"37":2,"38":2,"39":2,"40":1,"41":1,"42":1,"43":1,"44":0,"45":0,"46":0,"47":0,"48":0,"49":0,"50":1},"f":{"0":1,"1":4,"2":2,"3":6,"4":0},"b":{"0":[1,3],"1":[1,2],"2":[1,1],"3":[2,2,2],"4":[1,1],"5":[1,5],"6":[1,4],"7":[1,3],"8":[4,4,4,4],"9":[1,2],"10":[3,1],"11":[1,1]},"_coverageSchema":"1a1c01bbd47fc00a2c39e90264f33305004495a9","hash":"d5ad8deb51962f543f5a0defd423b26fae965759"}
,"/Users/kevin.avila/projects/node/e2e/controllers/UsersController.js": {"path":"/Users/kevin.avila/projects/node/e2e/controllers/UsersController.js","statementMap":{"0":{"start":{"line":1,"column":15},"end":{"line":1,"column":32}},"1":{"start":{"line":2,"column":12},"end":{"line":2,"column":35}},"2":{"start":{"line":4,"column":13},"end":{"line":4,"column":50}},"3":{"start":{"line":5,"column":15},"end":{"line":5,"column":35}},"4":{"start":{"line":7,"column":31},"end":{"line":7,"column":116}},"5":{"start":{"line":9,"column":24},"end":{"line":55,"column":1}},"6":{"start":{"line":12,"column":4},"end":{"line":53,"column":5}},"7":{"start":{"line":13,"column":6},"end":{"line":18,"column":7}},"8":{"start":{"line":14,"column":8},"end":{"line":17,"column":11}},"9":{"start":{"line":20,"column":23},"end":{"line":20,"column":67}},"10":{"start":{"line":21,"column":6},"end":{"line":26,"column":7}},"11":{"start":{"line":22,"column":8},"end":{"line":25,"column":11}},"12":{"start":{"line":28,"column":30},"end":{"line":28,"column":88}},"13":{"start":{"line":29,"column":6},"end":{"line":34,"column":7}},"14":{"start":{"line":30,"column":8},"end":{"line":33,"column":11}},"15":{"start":{"line":36,"column":26},"end":{"line":40,"column":7}},"16":{"start":{"line":42,"column":26},"end":{"line":42,"column":49}},"17":{"start":{"line":43,"column":6},"end":{"line":47,"column":9}},"18":{"start":{"line":49,"column":6},"end":{"line":52,"column":9}},"19":{"start":{"line":57,"column":0},"end":{"line":57,"column":33}}},"fnMap":{"0":{"name":"generateToken","decl":{"start":{"line":7,"column":9},"end":{"line":7,"column":22}},"loc":{"start":{"line":7,"column":29},"end":{"line":7,"column":118}},"line":7},"1":{"name":"(anonymous_1)","decl":{"start":{"line":11,"column":9},"end":{"line":11,"column":10}},"loc":{"start":{"line":11,"column":29},"end":{"line":54,"column":3}},"line":11}},"branchMap":{"0":{"loc":{"start":{"line":13,"column":6},"end":{"line":18,"column":7}},"type":"if","locations":[{"start":{"line":13,"column":6},"end":{"line":18,"column":7}},{"start":{},"end":{}}],"line":13},"1":{"loc":{"start":{"line":13,"column":10},"end":{"line":13,"column":50}},"type":"binary-expr","locations":[{"start":{"line":13,"column":10},"end":{"line":13,"column":28}},{"start":{"line":13,"column":32},"end":{"line":13,"column":50}}],"line":13},"2":{"loc":{"start":{"line":21,"column":6},"end":{"line":26,"column":7}},"type":"if","locations":[{"start":{"line":21,"column":6},"end":{"line":26,"column":7}},{"start":{},"end":{}}],"line":21},"3":{"loc":{"start":{"line":29,"column":6},"end":{"line":34,"column":7}},"type":"if","locations":[{"start":{"line":29,"column":6},"end":{"line":34,"column":7}},{"start":{},"end":{}}],"line":29}},"s":{"0":1,"1":1,"2":1,"3":1,"4":1,"5":1,"6":2,"7":2,"8":1,"9":1,"10":1,"11":0,"12":1,"13":1,"14":0,"15":1,"16":1,"17":1,"18":0,"19":1},"f":{"0":1,"1":2},"b":{"0":[1,1],"1":[2,2],"2":[0,1],"3":[0,1]},"_coverageSchema":"1a1c01bbd47fc00a2c39e90264f33305004495a9","hash":"1636ff422544ea5a41a475d0967e9dffcbf524d2"}
,"/Users/kevin.avila/projects/node/e2e/database/dbConection.js": {"path":"/Users/kevin.avila/projects/node/e2e/database/dbConection.js","statementMap":{"0":{"start":{"line":1,"column":17},"end":{"line":1,"column":36}},"1":{"start":{"line":2,"column":0},"end":{"line":2,"column":27}},"2":{"start":{"line":5,"column":0},"end":{"line":8,"column":2}},"3":{"start":{"line":15,"column":0},"end":{"line":15,"column":26}}},"fnMap":{},"branchMap":{},"s":{"0":1,"1":1,"2":1,"3":1},"f":{},"b":{},"_coverageSchema":"1a1c01bbd47fc00a2c39e90264f33305004495a9","hash":"9d7ee05d85387460859c924a85e2ad71edfb2a5b"}
,"/Users/kevin.avila/projects/node/e2e/database/models/recipes.js": {"path":"/Users/kevin.avila/projects/node/e2e/database/models/recipes.js","statementMap":{"0":{"start":{"line":1,"column":17},"end":{"line":1,"column":42}},"1":{"start":{"line":3,"column":19},"end":{"line":3,"column":27}},"2":{"start":{"line":5,"column":22},"end":{"line":25,"column":2}},"3":{"start":{"line":28,"column":0},"end":{"line":28,"column":41}},"4":{"start":{"line":31,"column":0},"end":{"line":31,"column":43}}},"fnMap":{},"branchMap":{},"s":{"0":1,"1":1,"2":1,"3":1,"4":1},"f":{},"b":{},"_coverageSchema":"1a1c01bbd47fc00a2c39e90264f33305004495a9","hash":"496b03f07c9507c8d334383e2d1693fa82843f94"}
,"/Users/kevin.avila/projects/node/e2e/database/models/users.js": {"path":"/Users/kevin.avila/projects/node/e2e/database/models/users.js","statementMap":{"0":{"start":{"line":1,"column":17},"end":{"line":1,"column":42}},"1":{"start":{"line":3,"column":19},"end":{"line":3,"column":27}},"2":{"start":{"line":5,"column":19},"end":{"line":15,"column":2}},"3":{"start":{"line":18,"column":0},"end":{"line":18,"column":36}},"4":{"start":{"line":21,"column":0},"end":{"line":21,"column":41}}},"fnMap":{},"branchMap":{},"s":{"0":1,"1":1,"2":1,"3":1,"4":1},"f":{},"b":{},"_coverageSchema":"1a1c01bbd47fc00a2c39e90264f33305004495a9","hash":"40976b78a81fdb4dd010ccd5b0cb0aab70df303a"}
,"/Users/kevin.avila/projects/node/e2e/database/services/recipes.js": {"path":"/Users/kevin.avila/projects/node/e2e/database/services/recipes.js","statementMap":{"0":{"start":{"line":1,"column":16},"end":{"line":1,"column":44}},"1":{"start":{"line":3,"column":21},"end":{"line":32,"column":1}},"2":{"start":{"line":6,"column":21},"end":{"line":6,"column":56}},"3":{"start":{"line":7,"column":4},"end":{"line":7,"column":20}},"4":{"start":{"line":11,"column":21},"end":{"line":11,"column":41}},"5":{"start":{"line":12,"column":4},"end":{"line":12,"column":20}},"6":{"start":{"line":16,"column":4},"end":{"line":20,"column":5}},"7":{"start":{"line":17,"column":23},"end":{"line":17,"column":49}},"8":{"start":{"line":18,"column":6},"end":{"line":18,"column":22}},"9":{"start":{"line":24,"column":21},"end":{"line":24,"column":96}},"10":{"start":{"line":25,"column":4},"end":{"line":25,"column":20}},"11":{"start":{"line":29,"column":21},"end":{"line":29,"column":56}},"12":{"start":{"line":30,"column":4},"end":{"line":30,"column":20}},"13":{"start":{"line":34,"column":0},"end":{"line":34,"column":30}}},"fnMap":{"0":{"name":"(anonymous_0)","decl":{"start":{"line":5,"column":15},"end":{"line":5,"column":16}},"loc":{"start":{"line":5,"column":40},"end":{"line":8,"column":3}},"line":5},"1":{"name":"(anonymous_1)","decl":{"start":{"line":10,"column":14},"end":{"line":10,"column":15}},"loc":{"start":{"line":10,"column":26},"end":{"line":13,"column":3}},"line":10},"2":{"name":"(anonymous_2)","decl":{"start":{"line":15,"column":13},"end":{"line":15,"column":14}},"loc":{"start":{"line":15,"column":27},"end":{"line":21,"column":3}},"line":15},"3":{"name":"(anonymous_3)","decl":{"start":{"line":23,"column":22},"end":{"line":23,"column":23}},"loc":{"start":{"line":23,"column":51},"end":{"line":26,"column":3}},"line":23},"4":{"name":"(anonymous_4)","decl":{"start":{"line":28,"column":22},"end":{"line":28,"column":23}},"loc":{"start":{"line":28,"column":36},"end":{"line":31,"column":3}},"line":28}},"branchMap":{},"s":{"0":1,"1":1,"2":1,"3":1,"4":1,"5":1,"6":4,"7":4,"8":2,"9":1,"10":1,"11":0,"12":0,"13":1},"f":{"0":1,"1":1,"2":4,"3":1,"4":0},"b":{},"_coverageSchema":"1a1c01bbd47fc00a2c39e90264f33305004495a9","hash":"7d6aa922710444cddd5ef293df0e59693c8fe85e"}
,"/Users/kevin.avila/projects/node/e2e/database/services/users.js": {"path":"/Users/kevin.avila/projects/node/e2e/database/services/users.js","statementMap":{"0":{"start":{"line":1,"column":13},"end":{"line":1,"column":39}},"1":{"start":{"line":3,"column":18},"end":{"line":11,"column":1}},"2":{"start":{"line":5,"column":17},"end":{"line":5,"column":49}},"3":{"start":{"line":6,"column":4},"end":{"line":8,"column":5}},"4":{"start":{"line":7,"column":6},"end":{"line":7,"column":19}},"5":{"start":{"line":9,"column":4},"end":{"line":9,"column":16}},"6":{"start":{"line":13,"column":0},"end":{"line":13,"column":27}}},"fnMap":{"0":{"name":"(anonymous_0)","decl":{"start":{"line":4,"column":18},"end":{"line":4,"column":19}},"loc":{"start":{"line":4,"column":38},"end":{"line":10,"column":3}},"line":4}},"branchMap":{"0":{"loc":{"start":{"line":6,"column":4},"end":{"line":8,"column":5}},"type":"if","locations":[{"start":{"line":6,"column":4},"end":{"line":8,"column":5}},{"start":{},"end":{}}],"line":6}},"s":{"0":1,"1":1,"2":1,"3":1,"4":0,"5":1,"6":1},"f":{"0":1},"b":{"0":[0,1]},"_coverageSchema":"1a1c01bbd47fc00a2c39e90264f33305004495a9","hash":"0febbfb79cd803edfe92e037589b9dd1943f356e"}
,"/Users/kevin.avila/projects/node/e2e/errors/RecipeErrors.js": {"path":"/Users/kevin.avila/projects/node/e2e/errors/RecipeErrors.js","statementMap":{"0":{"start":{"line":1,"column":21},"end":{"line":7,"column":1}},"1":{"start":{"line":6,"column":26},"end":{"line":6,"column":64}},"2":{"start":{"line":9,"column":0},"end":{"line":9,"column":30}}},"fnMap":{"0":{"name":"(anonymous_0)","decl":{"start":{"line":6,"column":13},"end":{"line":6,"column":14}},"loc":{"start":{"line":6,"column":26},"end":{"line":6,"column":64}},"line":6}},"branchMap":{"0":{"loc":{"start":{"line":6,"column":14},"end":{"line":6,"column":21}},"type":"default-arg","locations":[{"start":{"line":6,"column":19},"end":{"line":6,"column":21}}],"line":6}},"s":{"0":1,"1":4,"2":1},"f":{"0":4},"b":{"0":[0]},"_coverageSchema":"1a1c01bbd47fc00a2c39e90264f33305004495a9","hash":"2c87919381c8396fd73d776d64bd9aa7e2cefc0b"}
,"/Users/kevin.avila/projects/node/e2e/errors/UserErrors.js": {"path":"/Users/kevin.avila/projects/node/e2e/errors/UserErrors.js","statementMap":{"0":{"start":{"line":1,"column":19},"end":{"line":5,"column":1}},"1":{"start":{"line":7,"column":0},"end":{"line":7,"column":28}}},"fnMap":{},"branchMap":{},"s":{"0":1,"1":1},"f":{},"b":{},"_coverageSchema":"1a1c01bbd47fc00a2c39e90264f33305004495a9","hash":"8164751e772f96a6b1a244e17bb03664adc36541"}
,"/Users/kevin.avila/projects/node/e2e/errors/index.js": {"path":"/Users/kevin.avila/projects/node/e2e/errors/index.js","statementMap":{"0":{"start":{"line":1,"column":19},"end":{"line":1,"column":42}},"1":{"start":{"line":2,"column":21},"end":{"line":2,"column":46}},"2":{"start":{"line":4,"column":15},"end":{"line":7,"column":1}},"3":{"start":{"line":9,"column":0},"end":{"line":9,"column":24}}},"fnMap":{},"branchMap":{},"s":{"0":1,"1":1,"2":1,"3":1},"f":{},"b":{},"_coverageSchema":"1a1c01bbd47fc00a2c39e90264f33305004495a9","hash":"7e0e2200d1506fbc4690747399ccfea3976e072d"}
,"/Users/kevin.avila/projects/node/e2e/routes/authenticateToken.js": {"path":"/Users/kevin.avila/projects/node/e2e/routes/authenticateToken.js","statementMap":{"0":{"start":{"line":2,"column":12},"end":{"line":2,"column":35}},"1":{"start":{"line":3,"column":15},"end":{"line":3,"column":35}},"2":{"start":{"line":6,"column":21},"end":{"line":6,"column":46}},"3":{"start":{"line":7,"column":16},"end":{"line":7,"column":54}},"4":{"start":{"line":9,"column":2},"end":{"line":17,"column":5}},"5":{"start":{"line":10,"column":4},"end":{"line":14,"column":5}},"6":{"start":{"line":11,"column":6},"end":{"line":13,"column":9}},"7":{"start":{"line":15,"column":4},"end":{"line":15,"column":22}},"8":{"start":{"line":16,"column":4},"end":{"line":16,"column":11}},"9":{"start":{"line":19,"column":0},"end":{"line":19,"column":35}}},"fnMap":{"0":{"name":"authenticateToken","decl":{"start":{"line":5,"column":9},"end":{"line":5,"column":26}},"loc":{"start":{"line":5,"column":43},"end":{"line":18,"column":1}},"line":5},"1":{"name":"(anonymous_1)","decl":{"start":{"line":9,"column":53},"end":{"line":9,"column":54}},"loc":{"start":{"line":9,"column":70},"end":{"line":17,"column":3}},"line":9}},"branchMap":{"0":{"loc":{"start":{"line":7,"column":16},"end":{"line":7,"column":54}},"type":"binary-expr","locations":[{"start":{"line":7,"column":16},"end":{"line":7,"column":26}},{"start":{"line":7,"column":30},"end":{"line":7,"column":54}}],"line":7},"1":{"loc":{"start":{"line":10,"column":4},"end":{"line":14,"column":5}},"type":"if","locations":[{"start":{"line":10,"column":4},"end":{"line":14,"column":5}},{"start":{},"end":{}}],"line":10}},"s":{"0":1,"1":1,"2":12,"3":12,"4":12,"5":12,"6":2,"7":10,"8":10,"9":1},"f":{"0":12,"1":12},"b":{"0":[12,10],"1":[2,10]},"_coverageSchema":"1a1c01bbd47fc00a2c39e90264f33305004495a9","hash":"203bf92947adbc0c87c8fc36285bbaa7fabadb34"}
,"/Users/kevin.avila/projects/node/e2e/routes/index.js": {"path":"/Users/kevin.avila/projects/node/e2e/routes/index.js","statementMap":{"0":{"start":{"line":1,"column":16},"end":{"line":1,"column":34}},"1":{"start":{"line":3,"column":15},"end":{"line":3,"column":31}},"2":{"start":{"line":5,"column":26},"end":{"line":5,"column":56}},"3":{"start":{"line":6,"column":26},"end":{"line":6,"column":69}},"4":{"start":{"line":7,"column":23},"end":{"line":7,"column":64}},"5":{"start":{"line":10,"column":0},"end":{"line":10,"column":44}},"6":{"start":{"line":13,"column":0},"end":{"line":13,"column":69}},"7":{"start":{"line":14,"column":0},"end":{"line":14,"column":50}},"8":{"start":{"line":15,"column":0},"end":{"line":15,"column":53}},"9":{"start":{"line":16,"column":0},"end":{"line":16,"column":74}},"10":{"start":{"line":17,"column":0},"end":{"line":17,"column":75}},"11":{"start":{"line":19,"column":0},"end":{"line":19,"column":24}}},"fnMap":{},"branchMap":{},"s":{"0":1,"1":1,"2":1,"3":1,"4":1,"5":1,"6":1,"7":1,"8":1,"9":1,"10":1,"11":1},"f":{},"b":{},"_coverageSchema":"1a1c01bbd47fc00a2c39e90264f33305004495a9","hash":"0df14e0d8c0e114dbe2ccf40ef0e1465f9e19f99"}
}
