TN:
SF:app.js
FN:7,(anonymous_0)
FNF:1
FNH:1
FNDA:1,(anonymous_0)
DA:1,1
DA:2,1
DA:3,1
DA:4,1
DA:5,1
DA:7,1
DA:8,1
DA:11,1
DA:12,1
DA:15,1
DA:18,1
DA:20,1
DA:22,1
DA:25,1
DA:26,1
LF:15
LH:15
BRF:0
BRH:0
end_of_record
TN:
SF:controllers/RecipesController.js
FN:7,(anonymous_0)
FN:24,(anonymous_1)
FN:77,(anonymous_2)
FN:103,(anonymous_3)
FN:164,(anonymous_4)
FNF:5
FNH:5
FNDA:1,(anonymous_0)
FNDA:4,(anonymous_1)
FNDA:2,(anonymous_2)
FNDA:6,(anonymous_3)
FNDA:3,(anonymous_4)
DA:1,1
DA:2,1
DA:3,1
DA:5,1
DA:8,1
DA:9,1
DA:11,1
DA:16,0
DA:25,4
DA:26,4
DA:30,4
DA:33,4
DA:34,1
DA:40,3
DA:41,1
DA:48,2
DA:49,1
DA:55,1
DA:62,1
DA:64,1
DA:69,0
DA:78,2
DA:79,2
DA:82,2
DA:83,2
DA:84,1
DA:90,1
DA:95,0
DA:104,6
DA:105,6
DA:107,6
DA:108,1
DA:115,5
DA:116,1
DA:123,4
DA:124,1
DA:130,3
DA:131,1
DA:137,2
DA:140,2
DA:141,2
DA:142,1
DA:148,1
DA:150,1
DA:151,1
DA:156,0
DA:165,3
DA:167,3
DA:170,3
DA:172,2
DA:177,1
DA:185,1
LF:52
LH:48
BRDA:33,0,0,1
BRDA:33,0,1,3
BRDA:40,1,0,1
BRDA:40,1,1,2
BRDA:48,2,0,1
BRDA:48,2,1,1
BRDA:48,3,0,2
BRDA:48,3,1,2
BRDA:48,3,2,2
BRDA:83,4,0,1
BRDA:83,4,1,1
BRDA:107,5,0,1
BRDA:107,5,1,5
BRDA:115,6,0,1
BRDA:115,6,1,4
BRDA:123,7,0,1
BRDA:123,7,1,3
BRDA:123,8,0,4
BRDA:123,8,1,4
BRDA:123,8,2,4
BRDA:123,8,3,4
BRDA:130,9,0,1
BRDA:130,9,1,2
BRDA:130,10,0,3
BRDA:130,10,1,1
BRDA:141,11,0,1
BRDA:141,11,1,1
BRF:27
BRH:27
end_of_record
TN:
SF:controllers/UsersController.js
FN:7,generateToken
FN:11,(anonymous_1)
FNF:2
FNH:2
FNDA:1,generateToken
FNDA:2,(anonymous_1)
DA:1,1
DA:2,1
DA:4,1
DA:5,1
DA:7,1
DA:9,1
DA:12,2
DA:13,2
DA:14,1
DA:20,1
DA:21,1
DA:22,0
DA:28,1
DA:29,1
DA:30,0
DA:36,1
DA:42,1
DA:43,1
DA:49,0
DA:57,1
LF:20
LH:17
BRDA:13,0,0,1
BRDA:13,0,1,1
BRDA:13,1,0,2
BRDA:13,1,1,2
BRDA:21,2,0,0
BRDA:21,2,1,1
BRDA:29,3,0,0
BRDA:29,3,1,1
BRF:8
BRH:6
end_of_record
TN:
SF:database/dbConection.js
FNF:0
FNH:0
DA:1,1
DA:2,1
DA:5,1
DA:15,1
LF:4
LH:4
BRF:0
BRH:0
end_of_record
TN:
SF:database/models/recipes.js
FNF:0
FNH:0
DA:1,1
DA:3,1
DA:5,1
DA:28,1
DA:31,1
LF:5
LH:5
BRF:0
BRH:0
end_of_record
TN:
SF:database/models/users.js
FNF:0
FNH:0
DA:1,1
DA:3,1
DA:5,1
DA:18,1
DA:21,1
LF:5
LH:5
BRF:0
BRH:0
end_of_record
TN:
SF:database/services/recipes.js
FN:5,(anonymous_0)
FN:10,(anonymous_1)
FN:15,(anonymous_2)
FN:23,(anonymous_3)
FN:28,(anonymous_4)
FNF:5
FNH:5
FNDA:1,(anonymous_0)
FNDA:1,(anonymous_1)
FNDA:4,(anonymous_2)
FNDA:1,(anonymous_3)
FNDA:3,(anonymous_4)
DA:1,1
DA:3,1
DA:6,1
DA:7,1
DA:11,1
DA:12,1
DA:16,4
DA:17,4
DA:18,2
DA:24,1
DA:25,1
DA:29,3
DA:30,2
DA:34,1
LF:14
LH:14
BRF:0
BRH:0
end_of_record
TN:
SF:database/services/users.js
FN:4,(anonymous_0)
FNF:1
FNH:1
FNDA:1,(anonymous_0)
DA:1,1
DA:3,1
DA:5,1
DA:6,1
DA:7,0
DA:9,1
DA:13,1
LF:7
LH:6
BRDA:6,0,0,0
BRDA:6,0,1,1
BRF:2
BRH:1
end_of_record
TN:
SF:errors/RecipeErrors.js
FN:6,(anonymous_0)
FNF:1
FNH:1
FNDA:4,(anonymous_0)
DA:1,1
DA:6,4
DA:9,1
LF:3
LH:3
BRDA:6,0,0,0
BRF:1
BRH:0
end_of_record
TN:
SF:errors/UserErrors.js
FNF:0
FNH:0
DA:1,1
DA:7,1
LF:2
LH:2
BRF:0
BRH:0
end_of_record
TN:
SF:errors/index.js
FNF:0
FNH:0
DA:1,1
DA:2,1
DA:4,1
DA:10,1
LF:4
LH:4
BRF:0
BRH:0
end_of_record
TN:
SF:messages/RecipeMessages.js
FNF:0
FNH:0
DA:1,1
DA:5,1
LF:2
LH:2
BRF:0
BRH:0
end_of_record
TN:
SF:messages/index.js
FNF:0
FNH:0
DA:1,1
DA:3,1
DA:7,1
LF:3
LH:3
BRF:0
BRH:0
end_of_record
TN:
SF:routes/authenticateToken.js
FN:5,authenticateToken
FN:9,(anonymous_1)
FNF:2
FNH:2
FNDA:16,authenticateToken
FNDA:16,(anonymous_1)
DA:2,1
DA:3,1
DA:6,16
DA:7,16
DA:9,16
DA:10,16
DA:11,3
DA:15,13
DA:16,13
DA:19,1
LF:10
LH:10
BRDA:7,0,0,16
BRDA:7,0,1,13
BRDA:10,1,0,3
BRDA:10,1,1,13
BRF:4
BRH:4
end_of_record
TN:
SF:routes/index.js
FNF:0
FNH:0
DA:1,1
DA:3,1
DA:5,1
DA:6,1
DA:7,1
DA:10,1
DA:13,1
DA:14,1
DA:15,1
DA:16,1
DA:17,1
DA:19,1
LF:12
LH:12
BRF:0
BRH:0
end_of_record
